<?xml version="1.0" encoding="UTF-8"?>
<testsuite xmlns:xsi="http://www.w3.org/2001/XMLSchema-instance" xsi:noNamespaceSchemaLocation="https://maven.apache.org/surefire/maven-surefire-plugin/xsd/surefire-test-report.xsd" version="3.0.2" name="org.example.study.StudyApplicationTests" time="0.021" tests="1" errors="0" skipped="0" failures="0" flakes="0">
  <properties>
[...]
</properties>
  <testcase name="contextLoads" classname="org.example.study.StudyApplicationTests" time="0.004">
    <system-out><![CDATA[2026-08-05T20:47:23.069+08:00  INFO 282984 --- [study] [           main] t.c.s.AnnotationConfigContextLoaderUtils : Could not detect default configuration classes for test class [org.example.study.StudyApplicationTests]: StudyApplicationTests does not declare any static, non-private, non-final, nested classes annotated with @Configuration.
2026-08-05T20:47:23.077+08:00  INFO 282984 --- [study] [           main] .b.t.c.SpringBootTestContextBootstrapper : Found @SpringBootConfiguration org.example.study.StudyApplication for test class org.example.study.StudyApplicationTests
2026-08-05T20:47:23.079+08:00  INFO 282984 --- [study] [           main] t.c.s.AnnotationConfigContextLoaderUtils : Could not detect default configuration classes for test class [org.example.study.StudyApplicationTests]: StudyApplicationTests does not declare any static, non-private, non-final, nested classes annotated with @Configuration.
2026-08-05T20:47:23.080+08:00  INFO 282984 --- [study] [           main] .b.t.c.SpringBootTestContextBootstrapper : Found @SpringBootConfiguration org.example.study.StudyApplication for test class org.example.study.StudyApplicationTests
]]></system-out>
  </testcase>
</testsuite>